=== Test Reports
FORMAT  FILE
──────  ────────────────────────────────────────────────────────────────────────────────────────────────────────────────────────────
txt     c:\Users\devra\Documents\Sep20Project\Sep20Project\SF-Dev\.sfdx\tools\testresults\apex\test-result.txt
txt     c:\Users\devra\Documents\Sep20Project\Sep20Project\SF-Dev\.sfdx\tools\testresults\apex\test-run-id.txt
junit   c:\Users\devra\Documents\Sep20Project\Sep20Project\SF-Dev\.sfdx\tools\testresults\apex\test-result-7072v0000FUSVKf-junit.xml
json    c:\Users\devra\Documents\Sep20Project\Sep20Project\SF-Dev\.sfdx\tools\testresults\apex\test-result-7072v0000FUSVKf.json

=== Test Results
TEST NAME                      OUTCOME  MESSAGE                                                                                                                                                       RUNTIME (MS)
─────────────────────────────  ───────  ────────────────────────────────────────────────────────────────────────────────────────────────────────────────────────────────────────────────────────────  ────────────
testApexWorkbook.testLoadData  Fail     System.DmlException: Insert failed. First exception on row 0; first error: REQUIRED_FIELD_MISSING, Required fields are missing: [Quantity__c]: [Quantity__c]  92
                                        Class.apexWorkbook.loadData: line 16, column 1
                                        Class.testApexWorkbook.testLoadData: line 6, column 1

=== Failures
FULLNAME                       MESSAGE
─────────────────────────────  ────────────────────────────────────────────────────────────────────────────────────────────────────────────────────────────────────────────────────────────
testApexWorkbook.testLoadData  System.DmlException: Insert failed. First exception on row 0; first error: REQUIRED_FIELD_MISSING, Required fields are missing: [Quantity__c]: [Quantity__c]
                               c:/Users/devra/Documents/Sep20Project/Sep20Project/SF-Dev/force-app/main/default/classes/apexWorkbook.cls:16:1
                               c:/Users/devra/Documents/Sep20Project/Sep20Project/SF-Dev/force-app/main/default/classes/testApexWorkbook.cls:6:1

=== Test Summary
NAME                 VALUE
───────────────────  ────────────────────────────────────────────────
Outcome              Failed
Tests Ran            1
Passing              0
Failing              1
Skipped              0
Pass Rate            0%
Fail Rate            100%
Test Start Time      Dec 15, 2020 11:17 AM
Test Execution Time  92 ms
Test Total Time      92 ms
Command Time         14410 ms
Hostname             https://aryanlightning-dev-ed.my.salesforce.com
Org Id               00D90000000l1ocEAA
Username             devramesh@sfdc.com
Test Run Id          7072v0000FUSVKf
User Id              00590000001SLrhAAG

